   Step   Time    Walltime(s) Profile
      0   0.0000     0.0020   ▁▁▁▁▁▁▁▁▁▁▁▁▁▁▁▁▁▁▁▁▁▁▁▁█▁▁▁▁▁▁▁▁▁▁▁▁▁▁▁▁▁▁▁▁▁▁▁
 500000   2.5000     3.0880   ▁▁▁▁▁▁▁▁▁▁▁▁▁▂▂▂▃▄▅▆▇▇████▇▇▆▅▄▃▂▂▂▁▁▁▁▁▁▁▁▁▁▁▁▁
1000000   5.0000     6.1604   ▁▁▁▁▁▁▁▁▁▂▂▂▃▃▄▄▅▅▆▇▇██████▇▇▆▅▅▄▄▃▃▂▂▂▁▁▁▁▁▁▁▁▁
1500000   7.5000     9.2350   ▁▁▁▁▁▁▂▂▂▂▃▃▄▄▅▅▆▆▇▇▇██████▇▇▇▆▆▅▅▄▄▃▃▂▂▂▂▁▁▁▁▁▁
2000000  10.0000    12.3089   ▁▁▂▂▂▂▂▂▃▃▃▄▄▅▅▆▆▇▇▇████████▇▇▇▆▆▅▅▄▄▃▃▃▂▂▂▂▂▂▁▁
2500000  12.5000    15.3813   ▂▂▂▂▂▂▃▃▃▄▄▄▅▅▆▆▆▇▇▇████████▇▇▇▆▆▆▅▅▄▄▄▃▃▃▂▂▂▂▂▂
3000000  15.0000    18.4546   ▂▂▂▃▃▃▃▄▄▄▅▅▅▆▆▆▇▇▇██████████▇▇▇▆▆▆▅▅▅▄▄▄▃▃▃▃▂▂▂
3500000  17.5000    21.5283   ▃▃▃▃▃▃▄▄▄▅▅▅▆▆▆▇▇▇▇██████████▇▇▇▇▆▆▆▅▅▅▄▄▄▃▃▃▃▃▃
4000000  20.0000    24.6012   ▃▃▃▄▄▄▄▄▅▅▅▆▆▆▆▇▇▇▇██████████▇▇▇▇▆▆▆▆▅▅▅▄▄▄▄▄▃▃▃
4500000  22.5000    27.6745   ▄▄▄▄▄▄▅▅▅▅▆▆▆▆▇▇▇▇████████████▇▇▇▇▆▆▆▆▅▅▅▅▄▄▄▄▄▄
5000000  25.0000    30.7478   ▄▄▄▅▅▅▅▅▅▆▆▆▆▇▇▇▇▇████████████▇▇▇▇▇▆▆▆▆▅▅▅▅▅▅▄▄▄
5500000  27.5000    33.8206   ▅▅▅▅▅▅▅▆▆▆▆▆▇▇▇▇▇██████████████▇▇▇▇▇▆▆▆▆▆▅▅▅▅▅▅▅
6000000  30.0000    36.8932   ▅▅▅▅▅▆▆▆▆▆▆▇▇▇▇▇▇██████████████▇▇▇▇▇▇▆▆▆▆▆▆▅▅▅▅▅
6500000  32.5000    39.9673   ▆▆▆▆▆▆▆▆▆▆▇▇▇▇▇▇████████████████▇▇▇▇▇▇▆▆▆▆▆▆▆▆▆▆
7000000  35.0000    43.0414   ▆▆▆▆▆▆▆▆▇▇▇▇▇▇▇▇████████████████▇▇▇▇▇▇▇▇▆▆▆▆▆▆▆▆
7500000  37.5000    46.1144   ▆▆▆▆▆▆▇▇▇▇▇▇▇▇▇██████████████████▇▇▇▇▇▇▇▇▇▆▆▆▆▆▆
8000000  40.0000    49.1884   ▆▆▆▇▇▇▇▇▇▇▇▇▇▇████████████████████▇▇▇▇▇▇▇▇▇▇▇▆▆▆
8500000  42.5000    52.2626   ▇▇▇▇▇▇▇▇▇▇▇▇▇▇████████████████████▇▇▇▇▇▇▇▇▇▇▇▇▇▇
9000000  45.0000    55.3362   ▇▇▇▇▇▇▇▇▇▇▇▇▇██████████████████████▇▇▇▇▇▇▇▇▇▇▇▇▇
9500000  47.5000    58.4095   ▇▇▇▇▇▇▇▇▇▇▇▇████████████████████████▇▇▇▇▇▇▇▇▇▇▇▇
10000000  50.0000    61.4843   ▇▇▇▇▇▇▇▇▇▇████████████████████████████▇▇▇▇▇▇▇▇▇▇
10500000  52.5000    64.5579   ▇▇▇▇▇▇▇▇▇██████████████████████████████▇▇▇▇▇▇▇▇▇
11000000  55.0000    67.6350   ▇▇▇▇▇▇████████████████████████████████████▇▇▇▇▇▇
11500000  57.5000    70.7115   ▇▇▇██████████████████████████████████████████▇▇▇
12000000  60.0000    73.7888   ████████████████████████████████████████████████
12500000  62.5000    76.8654   ████████████████████████████████████████████████
13000000  65.0000    79.9417   ████████████████████████████████████████████████
13500000  67.5000    83.0257   ████████████████████████████████████████████████
14000000  70.0000    86.1024   ████████████████████████████████████████████████
14500000  72.5000    89.1795   ████████████████████████████████████████████████
15000000  75.0000    92.2615   ████████████████████████████████████████████████
15500000  77.5000    95.3423   ████████████████████████████████████████████████
16000000  80.0000    98.4207   ████████████████████████████████████████████████
16500000  82.5000   101.4975   ████████████████████████████████████████████████
17000000  85.0000   104.5732   ████████████████████████████████████████████████
17500000  87.5000   107.6496   ████████████████████████████████████████████████
18000000  90.0000   110.7257   ████████████████████████████████████████████████
18500000  92.5000   113.8010   ████████████████████████████████████████████████
19000000  95.0000   116.8763   ████████████████████████████████████████████████
19500000  97.5000   119.9519   ████████████████████████████████████████████████
20000000 100.0000   123.0269   ████████████████████████████████████████████████
   Step   Time    Walltime(s) Profile
      0   0.0000     0.0020   ▁▁▁▁▁▁▁▁▁▁▁▁▁▁▁▁▁▁▁▁▁▁▁▁█▁▁▁▁▁▁▁▁▁▁▁▁▁▁▁▁▁▁▁▁▁▁▁
 500000   2.5000     3.3313   ▁▁▁▁▁▁▁▁▁▁▁▁▁▂▂▂▃▄▅▆▇▇████▇▇▆▅▄▃▂▂▂▁▁▁▁▁▁▁▁▁▁▁▁▁
1000000   5.0000     6.6562   ▁▁▁▁▁▁▁▁▁▂▂▂▃▃▄▄▅▅▆▇▇██████▇▇▆▅▅▄▄▃▃▂▂▂▁▁▁▁▁▁▁▁▁
1500000   7.5000     9.9643   ▁▁▁▁▁▁▂▂▂▂▃▃▄▄▅▅▆▆▇▇▇██████▇▇▇▆▆▅▅▄▄▃▃▂▂▂▂▁▁▁▁▁▁
2000000  10.0000    13.3038   ▁▁▂▂▂▂▂▂▃▃▃▄▄▅▅▆▆▇▇▇████████▇▇▇▆▆▅▅▄▄▃▃▃▂▂▂▂▂▂▁▁
2500000  12.5000    16.6628   ▂▂▂▂▂▂▃▃▃▄▄▄▅▅▆▆▆▇▇▇████████▇▇▇▆▆▆▅▅▄▄▄▃▃▃▂▂▂▂▂▂
3000000  15.0000    20.0257   ▂▂▂▃▃▃▃▄▄▄▅▅▅▆▆▆▇▇▇██████████▇▇▇▆▆▆▅▅▅▄▄▄▃▃▃▃▂▂▂
3500000  17.5000    23.3703   ▃▃▃▃▃▃▄▄▄▅▅▅▆▆▆▇▇▇▇██████████▇▇▇▇▆▆▆▅▅▅▄▄▄▃▃▃▃▃▃
4000000  20.0000    26.7240   ▃▃▃▄▄▄▄▄▅▅▅▆▆▆▆▇▇▇▇██████████▇▇▇▇▆▆▆▆▅▅▅▄▄▄▄▄▃▃▃
4500000  22.5000    30.0818   ▄▄▄▄▄▄▅▅▅▅▆▆▆▆▇▇▇▇████████████▇▇▇▇▆▆▆▆▅▅▅▅▄▄▄▄▄▄
5000000  25.0000    33.4376   ▄▄▄▅▅▅▅▅▅▆▆▆▆▇▇▇▇▇████████████▇▇▇▇▇▆▆▆▆▅▅▅▅▅▅▄▄▄
5500000  27.5000    36.8025   ▅▅▅▅▅▅▅▆▆▆▆▆▇▇▇▇▇██████████████▇▇▇▇▇▆▆▆▆▆▅▅▅▅▅▅▅
6000000  30.0000    40.1744   ▅▅▅▅▅▆▆▆▆▆▆▇▇▇▇▇▇██████████████▇▇▇▇▇▇▆▆▆▆▆▆▅▅▅▅▅
6500000  32.5000    43.5288   ▆▆▆▆▆▆▆▆▆▆▇▇▇▇▇▇████████████████▇▇▇▇▇▇▆▆▆▆▆▆▆▆▆▆
7000000  35.0000    46.8819   ▆▆▆▆▆▆▆▆▇▇▇▇▇▇▇▇████████████████▇▇▇▇▇▇▇▇▆▆▆▆▆▆▆▆
7500000  37.5000    50.2059   ▆▆▆▆▆▆▇▇▇▇▇▇▇▇▇██████████████████▇▇▇▇▇▇▇▇▇▆▆▆▆▆▆
8000000  40.0000    53.5644   ▆▆▆▇▇▇▇▇▇▇▇▇▇▇████████████████████▇▇▇▇▇▇▇▇▇▇▇▆▆▆
8500000  42.5000    56.9154   ▇▇▇▇▇▇▇▇▇▇▇▇▇▇████████████████████▇▇▇▇▇▇▇▇▇▇▇▇▇▇
9000000  45.0000    60.2752   ▇▇▇▇▇▇▇▇▇▇▇▇▇██████████████████████▇▇▇▇▇▇▇▇▇▇▇▇▇
9500000  47.5000    63.6371   ▇▇▇▇▇▇▇▇▇▇▇▇████████████████████████▇▇▇▇▇▇▇▇▇▇▇▇
10000000  50.0000    66.9680   ▇▇▇▇▇▇▇▇▇▇████████████████████████████▇▇▇▇▇▇▇▇▇▇
10500000  52.5000    70.3193   ▇▇▇▇▇▇▇▇▇██████████████████████████████▇▇▇▇▇▇▇▇▇
11000000  55.0000    73.6729   ▇▇▇▇▇▇████████████████████████████████████▇▇▇▇▇▇
11500000  57.5000    77.0312   ▇▇▇██████████████████████████████████████████▇▇▇
12000000  60.0000    80.4016   ████████████████████████████████████████████████
12500000  62.5000    83.7558   ████████████████████████████████████████████████
13000000  65.0000    87.1055   ████████████████████████████████████████████████
13500000  67.5000    90.4489   ████████████████████████████████████████████████
14000000  70.0000    93.7830   ████████████████████████████████████████████████
14500000  72.5000    97.1433   ████████████████████████████████████████████████
15000000  75.0000   100.4767   ████████████████████████████████████████████████
15500000  77.5000   103.7962   ████████████████████████████████████████████████
16000000  80.0000   107.1267   ████████████████████████████████████████████████
16500000  82.5000   110.4886   ████████████████████████████████████████████████
17000000  85.0000   113.8335   ████████████████████████████████████████████████
17500000  87.5000   117.2029   ████████████████████████████████████████████████
18000000  90.0000   120.5798   ████████████████████████████████████████████████
18500000  92.5000   123.9304   ████████████████████████████████████████████████
19000000  95.0000   127.2942   ████████████████████████████████████████████████
19500000  97.5000   130.6146   ████████████████████████████████████████████████
20000000 100.0000   133.9777   ████████████████████████████████████████████████
   Step   Time    Walltime(s) Profile
      0   0.0000     0.0020   ▁▁▁▁▁▁▁▁▁▁▁▁▁▁▁▁▁▁▁▁▁▁▁▁█▁▁▁▁▁▁▁▁▁▁▁▁▁▁▁▁▁▁▁▁▁▁▁
 500000   2.5000     2.5262   ▁▁▁▁▁▁▁▁▁▁▁▁▁▂▂▂▃▄▅▆▇▇████▇▇▆▅▄▃▂▂▂▁▁▁▁▁▁▁▁▁▁▁▁▁
1000000   5.0000     5.0595   ▁▁▁▁▁▁▁▁▁▂▂▂▃▃▄▄▅▅▆▇▇██████▇▇▆▅▅▄▄▃▃▂▂▂▁▁▁▁▁▁▁▁▁
1500000   7.5000     7.6308   ▁▁▁▁▁▁▂▂▂▂▃▃▄▄▅▅▆▆▇▇▇██████▇▇▇▆▆▅▅▄▄▃▃▂▂▂▂▁▁▁▁▁▁
2000000  10.0000    10.2083   ▁▁▂▂▂▂▂▂▃▃▃▄▄▅▅▆▆▇▇▇████████▇▇▇▆▆▅▅▄▄▃▃▃▂▂▂▂▂▂▁▁
2500000  12.5000    12.7442   ▂▂▂▂▂▂▃▃▃▄▄▄▅▅▆▆▆▇▇▇████████▇▇▇▆▆▆▅▅▄▄▄▃▃▃▂▂▂▂▂▂
3000000  15.0000    15.3177   ▂▂▂▃▃▃▃▄▄▄▅▅▅▆▆▆▇▇▇██████████▇▇▇▆▆▆▅▅▅▄▄▄▃▃▃▃▂▂▂
3500000  17.5000    17.8602   ▃▃▃▃▃▃▄▄▄▅▅▅▆▆▆▇▇▇▇██████████▇▇▇▇▆▆▆▅▅▅▄▄▄▃▃▃▃▃▃
4000000  20.0000    20.4435   ▃▃▃▄▄▄▄▄▅▅▅▆▆▆▆▇▇▇▇██████████▇▇▇▇▆▆▆▆▅▅▅▄▄▄▄▄▃▃▃
4500000  22.5000    23.0119   ▄▄▄▄▄▄▅▅▅▅▆▆▆▆▇▇▇▇████████████▇▇▇▇▆▆▆▆▅▅▅▅▄▄▄▄▄▄
5000000  25.0000    25.5486   ▄▄▄▅▅▅▅▅▅▆▆▆▆▇▇▇▇▇████████████▇▇▇▇▇▆▆▆▆▅▅▅▅▅▅▄▄▄
5500000  27.5000    28.1362   ▅▅▅▅▅▅▅▆▆▆▆▆▇▇▇▇▇██████████████▇▇▇▇▇▆▆▆▆▆▅▅▅▅▅▅▅
6000000  30.0000    30.7171   ▅▅▅▅▅▆▆▆▆▆▆▇▇▇▇▇▇██████████████▇▇▇▇▇▇▆▆▆▆▆▆▅▅▅▅▅
6500000  32.5000    33.2643   ▆▆▆▆▆▆▆▆▆▆▇▇▇▇▇▇████████████████▇▇▇▇▇▇▆▆▆▆▆▆▆▆▆▆
7000000  35.0000    35.8203   ▆▆▆▆▆▆▆▆▇▇▇▇▇▇▇▇████████████████▇▇▇▇▇▇▇▇▆▆▆▆▆▆▆▆
7500000  37.5000    38.3652   ▆▆▆▆▆▆▇▇▇▇▇▇▇▇▇██████████████████▇▇▇▇▇▇▇▇▇▆▆▆▆▆▆
8000000  40.0000    40.9144   ▆▆▆▇▇▇▇▇▇▇▇▇▇▇████████████████████▇▇▇▇▇▇▇▇▇▇▇▆▆▆
8500000  42.5000    43.4823   ▇▇▇▇▇▇▇▇▇▇▇▇▇▇████████████████████▇▇▇▇▇▇▇▇▇▇▇▇▇▇
9000000  45.0000    46.0357   ▇▇▇▇▇▇▇▇▇▇▇▇▇██████████████████████▇▇▇▇▇▇▇▇▇▇▇▇▇
9500000  47.5000    48.6058   ▇▇▇▇▇▇▇▇▇▇▇▇████████████████████████▇▇▇▇▇▇▇▇▇▇▇▇
10000000  50.0000    51.1413   ▇▇▇▇▇▇▇▇▇▇████████████████████████████▇▇▇▇▇▇▇▇▇▇
10500000  52.5000    53.6944   ▇▇▇▇▇▇▇▇▇██████████████████████████████▇▇▇▇▇▇▇▇▇
11000000  55.0000    56.2668   ▇▇▇▇▇▇████████████████████████████████████▇▇▇▇▇▇
11500000  57.5000    58.8591   ▇▇▇██████████████████████████████████████████▇▇▇
12000000  60.0000    61.4284   ████████████████████████████████████████████████
12500000  62.5000    63.9826   ████████████████████████████████████████████████
13000000  65.0000    66.5282   ████████████████████████████████████████████████
13500000  67.5000    69.0744   ████████████████████████████████████████████████
14000000  70.0000    71.6508   ████████████████████████████████████████████████
14500000  72.5000    74.1881   ████████████████████████████████████████████████
15000000  75.0000    76.7601   ████████████████████████████████████████████████
15500000  77.5000    79.3552   ████████████████████████████████████████████████
16000000  80.0000    81.9380   ████████████████████████████████████████████████
16500000  82.5000    84.5002   ████████████████████████████████████████████████
17000000  85.0000    87.1001   ████████████████████████████████████████████████
17500000  87.5000    89.7039   ████████████████████████████████████████████████
18000000  90.0000    92.2426   ████████████████████████████████████████████████
18500000  92.5000    94.7784   ████████████████████████████████████████████████
19000000  95.0000    97.3331   ████████████████████████████████████████████████
19500000  97.5000    99.8756   ████████████████████████████████████████████████
20000000 100.0000   102.4068   ████████████████████████████████████████████████
   Step   Time    Walltime(s) Profile
      0   0.0000     0.0020   ▁▁▁▁▁▁▁▁▁▁▁▁▁▁▁▁▁▁▁▁▁▁▁▁█▁▁▁▁▁▁▁▁▁▁▁▁▁▁▁▁▁▁▁▁▁▁▁
 500000   2.5000     2.8069   ▁▁▁▁▁▁▁▁▁▁▁▁▁▂▂▂▃▄▅▆▇▇████▇▇▆▅▄▃▂▂▂▁▁▁▁▁▁▁▁▁▁▁▁▁
1000000   5.0000     5.6187   ▁▁▁▁▁▁▁▁▁▂▂▂▃▃▄▄▅▅▆▇▇██████▇▇▆▅▅▄▄▃▃▂▂▂▁▁▁▁▁▁▁▁▁
1500000   7.5000     8.4265   ▁▁▁▁▁▁▂▂▂▂▃▃▄▄▅▅▆▆▇▇▇██████▇▇▇▆▆▅▅▄▄▃▃▂▂▂▂▁▁▁▁▁▁
2000000  10.0000    11.2111   ▁▁▂▂▂▂▂▂▃▃▃▄▄▅▅▆▆▇▇▇████████▇▇▇▆▆▅▅▄▄▃▃▃▂▂▂▂▂▂▁▁
2500000  12.5000    14.0129   ▂▂▂▂▂▂▃▃▃▄▄▄▅▅▆▆▆▇▇▇████████▇▇▇▆▆▆▅▅▄▄▄▃▃▃▂▂▂▂▂▂
3000000  15.0000    16.7812   ▂▂▂▃▃▃▃▄▄▄▅▅▅▆▆▆▇▇▇██████████▇▇▇▆▆▆▅▅▅▄▄▄▃▃▃▃▂▂▂
3500000  17.5000    19.5290   ▃▃▃▃▃▃▄▄▄▅▅▅▆▆▆▇▇▇▇██████████▇▇▇▇▆▆▆▅▅▅▄▄▄▃▃▃▃▃▃
4000000  20.0000    22.2853   ▃▃▃▄▄▄▄▄▅▅▅▆▆▆▆▇▇▇▇██████████▇▇▇▇▆▆▆▆▅▅▅▄▄▄▄▄▃▃▃
4500000  22.5000    25.0457   ▄▄▄▄▄▄▅▅▅▅▆▆▆▆▇▇▇▇████████████▇▇▇▇▆▆▆▆▅▅▅▅▄▄▄▄▄▄
5000000  25.0000    27.7936   ▄▄▄▅▅▅▅▅▅▆▆▆▆▇▇▇▇▇████████████▇▇▇▇▇▆▆▆▆▅▅▅▅▅▅▄▄▄
5500000  27.5000    30.5446   ▅▅▅▅▅▅▅▆▆▆▆▆▇▇▇▇▇██████████████▇▇▇▇▇▆▆▆▆▆▅▅▅▅▅▅▅
6000000  30.0000    33.2997   ▅▅▅▅▅▆▆▆▆▆▆▇▇▇▇▇▇██████████████▇▇▇▇▇▇▆▆▆▆▆▆▅▅▅▅▅
6500000  32.5000    36.0711   ▆▆▆▆▆▆▆▆▆▆▇▇▇▇▇▇████████████████▇▇▇▇▇▇▆▆▆▆▆▆▆▆▆▆
7000000  35.0000    38.8480   ▆▆▆▆▆▆▆▆▇▇▇▇▇▇▇▇████████████████▇▇▇▇▇▇▇▇▆▆▆▆▆▆▆▆
7500000  37.5000    41.6045   ▆▆▆▆▆▆▇▇▇▇▇▇▇▇▇██████████████████▇▇▇▇▇▇▇▇▇▆▆▆▆▆▆
8000000  40.0000    44.3400   ▆▆▆▇▇▇▇▇▇▇▇▇▇▇████████████████████▇▇▇▇▇▇▇▇▇▇▇▆▆▆
8500000  42.5000    47.1038   ▇▇▇▇▇▇▇▇▇▇▇▇▇▇████████████████████▇▇▇▇▇▇▇▇▇▇▇▇▇▇
9000000  45.0000    49.8480   ▇▇▇▇▇▇▇▇▇▇▇▇▇██████████████████████▇▇▇▇▇▇▇▇▇▇▇▇▇
9500000  47.5000    52.6014   ▇▇▇▇▇▇▇▇▇▇▇▇████████████████████████▇▇▇▇▇▇▇▇▇▇▇▇
10000000  50.0000    55.3775   ▇▇▇▇▇▇▇▇▇▇████████████████████████████▇▇▇▇▇▇▇▇▇▇
10500000  52.5000    58.1314   ▇▇▇▇▇▇▇▇▇██████████████████████████████▇▇▇▇▇▇▇▇▇
11000000  55.0000    60.8866   ▇▇▇▇▇▇████████████████████████████████████▇▇▇▇▇▇
11500000  57.5000    63.6338   ▇▇▇██████████████████████████████████████████▇▇▇
12000000  60.0000    66.3847   ████████████████████████████████████████████████
12500000  62.5000    69.1729   ████████████████████████████████████████████████
13000000  65.0000    71.9407   ████████████████████████████████████████████████
13500000  67.5000    74.6824   ████████████████████████████████████████████████
14000000  70.0000    77.4714   ████████████████████████████████████████████████
14500000  72.5000    80.2455   ████████████████████████████████████████████████
15000000  75.0000    83.0148   ████████████████████████████████████████████████
15500000  77.5000    85.7575   ████████████████████████████████████████████████
16000000  80.0000    88.5377   ████████████████████████████████████████████████
16500000  82.5000    91.2900   ████████████████████████████████████████████████
17000000  85.0000    94.0408   ████████████████████████████████████████████████
17500000  87.5000    96.7859   ████████████████████████████████████████████████
18000000  90.0000    99.5626   ████████████████████████████████████████████████
18500000  92.5000   102.3401   ████████████████████████████████████████████████
19000000  95.0000   105.0889   ████████████████████████████████████████████████
19500000  97.5000   107.8326   ████████████████████████████████████████████████
20000000 100.0000   110.6092   ████████████████████████████████████████████████
   Step   Time    Walltime(s) Profile
      0   0.0000     0.0020   ▁▁▁▁▁▁▁▁▁▁▁▁▁▁▁▁▁▁▁▁▁▁▁▁█▁▁▁▁▁▁▁▁▁▁▁▁▁▁▁▁▁▁▁▁▁▁▁
 500000   2.5000     2.9170   ▁▁▁▁▁▁▁▁▁▁▁▁▁▂▂▂▃▄▅▆▇▇████▇▇▆▅▄▃▂▂▂▁▁▁▁▁▁▁▁▁▁▁▁▁
1000000   5.0000     5.8329   ▁▁▁▁▁▁▁▁▁▂▂▂▃▃▄▄▅▅▆▇▇██████▇▇▆▅▅▄▄▃▃▂▂▂▁▁▁▁▁▁▁▁▁
1500000   7.5000     8.7471   ▁▁▁▁▁▁▂▂▂▂▃▃▄▄▅▅▆▆▇▇▇██████▇▇▇▆▆▅▅▄▄▃▃▂▂▂▂▁▁▁▁▁▁
2000000  10.0000    11.6779   ▁▁▂▂▂▂▂▂▃▃▃▄▄▅▅▆▆▇▇▇████████▇▇▇▆▆▅▅▄▄▃▃▃▂▂▂▂▂▂▁▁
2500000  12.5000    14.6088   ▂▂▂▂▂▂▃▃▃▄▄▄▅▅▆▆▆▇▇▇████████▇▇▇▆▆▆▅▅▄▄▄▃▃▃▂▂▂▂▂▂
3000000  15.0000    17.5320   ▂▂▂▃▃▃▃▄▄▄▅▅▅▆▆▆▇▇▇██████████▇▇▇▆▆▆▅▅▅▄▄▄▃▃▃▃▂▂▂
3500000  17.5000    20.4834   ▃▃▃▃▃▃▄▄▄▅▅▅▆▆▆▇▇▇▇██████████▇▇▇▇▆▆▆▅▅▅▄▄▄▃▃▃▃▃▃
4000000  20.0000    23.4159   ▃▃▃▄▄▄▄▄▅▅▅▆▆▆▆▇▇▇▇██████████▇▇▇▇▆▆▆▆▅▅▅▄▄▄▄▄▃▃▃
4500000  22.5000    26.3335   ▄▄▄▄▄▄▅▅▅▅▆▆▆▆▇▇▇▇████████████▇▇▇▇▆▆▆▆▅▅▅▅▄▄▄▄▄▄
5000000  25.0000    29.2545   ▄▄▄▅▅▅▅▅▅▆▆▆▆▇▇▇▇▇████████████▇▇▇▇▇▆▆▆▆▅▅▅▅▅▅▄▄▄
5500000  27.5000    32.2235   ▅▅▅▅▅▅▅▆▆▆▆▆▇▇▇▇▇██████████████▇▇▇▇▇▆▆▆▆▆▅▅▅▅▅▅▅
6000000  30.0000    35.1876   ▅▅▅▅▅▆▆▆▆▆▆▇▇▇▇▇▇██████████████▇▇▇▇▇▇▆▆▆▆▆▆▅▅▅▅▅
6500000  32.5000    38.1637   ▆▆▆▆▆▆▆▆▆▆▇▇▇▇▇▇████████████████▇▇▇▇▇▇▆▆▆▆▆▆▆▆▆▆
7000000  35.0000    41.1079   ▆▆▆▆▆▆▆▆▇▇▇▇▇▇▇▇████████████████▇▇▇▇▇▇▇▇▆▆▆▆▆▆▆▆
7500000  37.5000    44.0276   ▆▆▆▆▆▆▇▇▇▇▇▇▇▇▇██████████████████▇▇▇▇▇▇▇▇▇▆▆▆▆▆▆
8000000  40.0000    46.9529   ▆▆▆▇▇▇▇▇▇▇▇▇▇▇████████████████████▇▇▇▇▇▇▇▇▇▇▇▆▆▆
8500000  42.5000    49.9032   ▇▇▇▇▇▇▇▇▇▇▇▇▇▇████████████████████▇▇▇▇▇▇▇▇▇▇▇▇▇▇
9000000  45.0000    52.8095   ▇▇▇▇▇▇▇▇▇▇▇▇▇██████████████████████▇▇▇▇▇▇▇▇▇▇▇▇▇
9500000  47.5000    55.7718   ▇▇▇▇▇▇▇▇▇▇▇▇████████████████████████▇▇▇▇▇▇▇▇▇▇▇▇
10000000  50.0000    58.7289   ▇▇▇▇▇▇▇▇▇▇████████████████████████████▇▇▇▇▇▇▇▇▇▇
10500000  52.5000    61.6755   ▇▇▇▇▇▇▇▇▇██████████████████████████████▇▇▇▇▇▇▇▇▇
11000000  55.0000    64.6400   ▇▇▇▇▇▇████████████████████████████████████▇▇▇▇▇▇
11500000  57.5000    67.5818   ▇▇▇██████████████████████████████████████████▇▇▇
12000000  60.0000    70.5443   ████████████████████████████████████████████████
12500000  62.5000    73.5181   ████████████████████████████████████████████████
13000000  65.0000    76.4999   ████████████████████████████████████████████████
13500000  67.5000    79.4748   ████████████████████████████████████████████████
14000000  70.0000    82.4233   ████████████████████████████████████████████████
14500000  72.5000    85.3569   ████████████████████████████████████████████████
15000000  75.0000    88.3298   ████████████████████████████████████████████████
15500000  77.5000    91.2960   ████████████████████████████████████████████████
16000000  80.0000    94.2435   ████████████████████████████████████████████████
16500000  82.5000    97.2108   ████████████████████████████████████████████████
17000000  85.0000   100.1819   ████████████████████████████████████████████████
17500000  87.5000   103.1637   ████████████████████████████████████████████████
18000000  90.0000   106.1438   ████████████████████████████████████████████████
18500000  92.5000   109.0999   ████████████████████████████████████████████████
19000000  95.0000   112.0567   ████████████████████████████████████████████████
19500000  97.5000   115.0217   ████████████████████████████████████████████████
20000000 100.0000   117.9805   ████████████████████████████████████████████████
   Step   Time    Walltime(s) Profile
      0   0.0000     0.0020   ▁▁▁▁▁▁▁▁▁▁▁▁▁▁▁▁▁▁▁▁▁▁▁▁█▁▁▁▁▁▁▁▁▁▁▁▁▁▁▁▁▁▁▁▁▁▁▁
 500000   2.5000     3.1454   ▁▁▁▁▁▁▁▁▁▁▁▁▁▂▂▂▃▄▅▆▇▇████▇▇▆▅▄▃▂▂▂▁▁▁▁▁▁▁▁▁▁▁▁▁
1000000   5.0000     6.3566   ▁▁▁▁▁▁▁▁▁▂▂▂▃▃▄▄▅▅▆▇▇██████▇▇▆▅▅▄▄▃▃▂▂▂▁▁▁▁▁▁▁▁▁
1500000   7.5000     9.5940   ▁▁▁▁▁▁▂▂▂▂▃▃▄▄▅▅▆▆▇▇▇██████▇▇▇▆▆▅▅▄▄▃▃▂▂▂▂▁▁▁▁▁▁
2000000  10.0000    12.8176   ▁▁▂▂▂▂▂▂▃▃▃▄▄▅▅▆▆▇▇▇████████▇▇▇▆▆▅▅▄▄▃▃▃▂▂▂▂▂▂▁▁
2500000  12.5000    16.0523   ▂▂▂▂▂▂▃▃▃▄▄▄▅▅▆▆▆▇▇▇████████▇▇▇▆▆▆▅▅▄▄▄▃▃▃▂▂▂▂▂▂
3000000  15.0000    19.3043   ▂▂▂▃▃▃▃▄▄▄▅▅▅▆▆▆▇▇▇██████████▇▇▇▆▆▆▅▅▅▄▄▄▃▃▃▃▂▂▂
3500000  17.5000    22.5457   ▃▃▃▃▃▃▄▄▄▅▅▅▆▆▆▇▇▇▇██████████▇▇▇▇▆▆▆▅▅▅▄▄▄▃▃▃▃▃▃
4000000  20.0000    25.7496   ▃▃▃▄▄▄▄▄▅▅▅▆▆▆▆▇▇▇▇██████████▇▇▇▇▆▆▆▆▅▅▅▄▄▄▄▄▃▃▃
4500000  22.5000    28.9538   ▄▄▄▄▄▄▅▅▅▅▆▆▆▆▇▇▇▇████████████▇▇▇▇▆▆▆▆▅▅▅▅▄▄▄▄▄▄
5000000  25.0000    32.1479   ▄▄▄▅▅▅▅▅▅▆▆▆▆▇▇▇▇▇████████████▇▇▇▇▇▆▆▆▆▅▅▅▅▅▅▄▄▄
5500000  27.5000    35.3629   ▅▅▅▅▅▅▅▆▆▆▆▆▇▇▇▇▇██████████████▇▇▇▇▇▆▆▆▆▆▅▅▅▅▅▅▅
6000000  30.0000    38.5880   ▅▅▅▅▅▆▆▆▆▆▆▇▇▇▇▇▇██████████████▇▇▇▇▇▇▆▆▆▆▆▆▅▅▅▅▅
6500000  32.5000    41.7914   ▆▆▆▆▆▆▆▆▆▆▇▇▇▇▇▇████████████████▇▇▇▇▇▇▆▆▆▆▆▆▆▆▆▆
7000000  35.0000    44.9921   ▆▆▆▆▆▆▆▆▇▇▇▇▇▇▇▇████████████████▇▇▇▇▇▇▇▇▆▆▆▆▆▆▆▆
7500000  37.5000    48.1947   ▆▆▆▆▆▆▇▇▇▇▇▇▇▇▇██████████████████▇▇▇▇▇▇▇▇▇▆▆▆▆▆▆
8000000  40.0000    51.4050   ▆▆▆▇▇▇▇▇▇▇▇▇▇▇████████████████████▇▇▇▇▇▇▇▇▇▇▇▆▆▆
8500000  42.5000    54.6172   ▇▇▇▇▇▇▇▇▇▇▇▇▇▇████████████████████▇▇▇▇▇▇▇▇▇▇▇▇▇▇
9000000  45.0000    57.8306   ▇▇▇▇▇▇▇▇▇▇▇▇▇██████████████████████▇▇▇▇▇▇▇▇▇▇▇▇▇
9500000  47.5000    61.0470   ▇▇▇▇▇▇▇▇▇▇▇▇████████████████████████▇▇▇▇▇▇▇▇▇▇▇▇
10000000  50.0000    64.2417   ▇▇▇▇▇▇▇▇▇▇████████████████████████████▇▇▇▇▇▇▇▇▇▇
10500000  52.5000    67.4615   ▇▇▇▇▇▇▇▇▇██████████████████████████████▇▇▇▇▇▇▇▇▇
11000000  55.0000    70.6716   ▇▇▇▇▇▇████████████████████████████████████▇▇▇▇▇▇
11500000  57.5000    73.8982   ▇▇▇██████████████████████████████████████████▇▇▇
12000000  60.0000    77.1239   ████████████████████████████████████████████████
12500000  62.5000    80.3445   ████████████████████████████████████████████████
13000000  65.0000    83.5631   ████████████████████████████████████████████████
13500000  67.5000    86.8032   ████████████████████████████████████████████████
14000000  70.0000    90.0261   ████████████████████████████████████████████████
14500000  72.5000    93.2390   ████████████████████████████████████████████████
15000000  75.0000    96.4773   ████████████████████████████████████████████████
15500000  77.5000    99.7015   ████████████████████████████████████████████████
16000000  80.0000   102.9144   ████████████████████████████████████████████████
16500000  82.5000   106.1282   ████████████████████████████████████████████████
17000000  85.0000   109.3511   ████████████████████████████████████████████████
17500000  87.5000   112.5683   ████████████████████████████████████████████████
18000000  90.0000   115.7991   ████████████████████████████████████████████████
18500000  92.5000   119.0171   ████████████████████████████████████████████████
19000000  95.0000   122.2318   ████████████████████████████████████████████████
19500000  97.5000   125.4320   ████████████████████████████████████████████████
20000000 100.0000   128.6405   ████████████████████████████████████████████████
   Step   Time    Walltime(s) Profile
      0   0.0000     0.0020   ▁▁▁▁▁▁▁▁▁▁▁▁▁▁▁▁▁▁▁▁▁▁▁▁█▁▁▁▁▁▁▁▁▁▁▁▁▁▁▁▁▁▁▁▁▁▁▁
 500000   2.5000     3.6612   ▁▁▁▁▁▁▁▁▁▁▁▁▁▂▂▂▃▄▅▆▇▇████▇▇▆▅▄▃▂▂▂▁▁▁▁▁▁▁▁▁▁▁▁▁
1000000   5.0000     7.3501   ▁▁▁▁▁▁▁▁▁▂▂▂▃▃▄▄▅▅▆▇▇██████▇▇▆▅▅▄▄▃▃▂▂▂▁▁▁▁▁▁▁▁▁
1500000   7.5000    11.0105   ▁▁▁▁▁▁▂▂▂▂▃▃▄▄▅▅▆▆▇▇▇██████▇▇▇▆▆▅▅▄▄▃▃▂▂▂▂▁▁▁▁▁▁
2000000  10.0000    14.6872   ▁▁▂▂▂▂▂▂▃▃▃▄▄▅▅▆▆▇▇▇████████▇▇▇▆▆▅▅▄▄▃▃▃▂▂▂▂▂▂▁▁
2500000  12.5000    18.3277   ▂▂▂▂▂▂▃▃▃▄▄▄▅▅▆▆▆▇▇▇████████▇▇▇▆▆▆▅▅▄▄▄▃▃▃▂▂▂▂▂▂
3000000  15.0000    21.9620   ▂▂▂▃▃▃▃▄▄▄▅▅▅▆▆▆▇▇▇██████████▇▇▇▆▆▆▅▅▅▄▄▄▃▃▃▃▂▂▂
3500000  17.5000    25.5981   ▃▃▃▃▃▃▄▄▄▅▅▅▆▆▆▇▇▇▇██████████▇▇▇▇▆▆▆▅▅▅▄▄▄▃▃▃▃▃▃
4000000  20.0000    29.2825   ▃▃▃▄▄▄▄▄▅▅▅▆▆▆▆▇▇▇▇██████████▇▇▇▇▆▆▆▆▅▅▅▄▄▄▄▄▃▃▃
4500000  22.5000    32.9859   ▄▄▄▄▄▄▅▅▅▅▆▆▆▆▇▇▇▇████████████▇▇▇▇▆▆▆▆▅▅▅▅▄▄▄▄▄▄
5000000  25.0000    36.6545   ▄▄▄▅▅▅▅▅▅▆▆▆▆▇▇▇▇▇████████████▇▇▇▇▇▆▆▆▆▅▅▅▅▅▅▄▄▄
5500000  27.5000    40.3015   ▅▅▅▅▅▅▅▆▆▆▆▆▇▇▇▇▇██████████████▇▇▇▇▇▆▆▆▆▆▅▅▅▅▅▅▅
6000000  30.0000    43.9739   ▅▅▅▅▅▆▆▆▆▆▆▇▇▇▇▇▇██████████████▇▇▇▇▇▇▆▆▆▆▆▆▅▅▅▅▅
6500000  32.5000    47.6027   ▆▆▆▆▆▆▆▆▆▆▇▇▇▇▇▇████████████████▇▇▇▇▇▇▆▆▆▆▆▆▆▆▆▆
7000000  35.0000    51.3005   ▆▆▆▆▆▆▆▆▇▇▇▇▇▇▇▇████████████████▇▇▇▇▇▇▇▇▆▆▆▆▆▆▆▆
7500000  37.5000    54.9377   ▆▆▆▆▆▆▇▇▇▇▇▇▇▇▇██████████████████▇▇▇▇▇▇▇▇▇▆▆▆▆▆▆
8000000  40.0000    58.6108   ▆▆▆▇▇▇▇▇▇▇▇▇▇▇████████████████████▇▇▇▇▇▇▇▇▇▇▇▆▆▆
8500000  42.5000    62.2439   ▇▇▇▇▇▇▇▇▇▇▇▇▇▇████████████████████▇▇▇▇▇▇▇▇▇▇▇▇▇▇
9000000  45.0000    65.9210   ▇▇▇▇▇▇▇▇▇▇▇▇▇██████████████████████▇▇▇▇▇▇▇▇▇▇▇▇▇
9500000  47.5000    69.5842   ▇▇▇▇▇▇▇▇▇▇▇▇████████████████████████▇▇▇▇▇▇▇▇▇▇▇▇
10000000  50.0000    73.2304   ▇▇▇▇▇▇▇▇▇▇████████████████████████████▇▇▇▇▇▇▇▇▇▇
10500000  52.5000    76.8898   ▇▇▇▇▇▇▇▇▇██████████████████████████████▇▇▇▇▇▇▇▇▇
11000000  55.0000    80.5328   ▇▇▇▇▇▇████████████████████████████████████▇▇▇▇▇▇
11500000  57.5000    84.1775   ▇▇▇██████████████████████████████████████████▇▇▇
12000000  60.0000    87.6480   ████████████████████████████████████████████████
12500000  62.5000    91.3519   ████████████████████████████████████████████████
13000000  65.0000    95.0221   ████████████████████████████████████████████████
13500000  67.5000    98.6669   ████████████████████████████████████████████████
14000000  70.0000   102.3454   ████████████████████████████████████████████████
14500000  72.5000   106.0445   ████████████████████████████████████████████████
15000000  75.0000   109.7306   ████████████████████████████████████████████████
15500000  77.5000   113.4246   ████████████████████████████████████████████████
16000000  80.0000   117.1151   ████████████████████████████████████████████████
16500000  82.5000   120.8015   ████████████████████████████████████████████████
17000000  85.0000   124.4863   ████████████████████████████████████████████████
17500000  87.5000   128.1419   ████████████████████████████████████████████████
18000000  90.0000   131.8318   ████████████████████████████████████████████████
18500000  92.5000   135.5079   ████████████████████████████████████████████████
19000000  95.0000   139.1789   ████████████████████████████████████████████████
19500000  97.5000   142.8770   ████████████████████████████████████████████████
20000000 100.0000   146.5725   ████████████████████████████████████████████████
   Step   Time    Walltime(s) Profile
      0   0.0000     0.0020   ▁▁▁▁▁▁▁▁▁▁▁▁▁▁▁▁▁▁▁▁▁▁▁▁█▁▁▁▁▁▁▁▁▁▁▁▁▁▁▁▁▁▁▁▁▁▁▁
 500000   2.5000     3.9871   ▁▁▁▁▁▁▁▁▁▁▁▁▁▂▂▂▃▄▅▆▇▇████▇▇▆▅▄▃▂▂▂▁▁▁▁▁▁▁▁▁▁▁▁▁
1000000   5.0000     7.9669   ▁▁▁▁▁▁▁▁▁▂▂▂▃▃▄▄▅▅▆▇▇██████▇▇▆▅▅▄▄▃▃▂▂▂▁▁▁▁▁▁▁▁▁
1500000   7.5000    11.9737   ▁▁▁▁▁▁▂▂▂▂▃▃▄▄▅▅▆▆▇▇▇██████▇▇▇▆▆▅▅▄▄▃▃▂▂▂▂▁▁▁▁▁▁
2000000  10.0000    15.9434   ▁▁▂▂▂▂▂▂▃▃▃▄▄▅▅▆▆▇▇▇████████▇▇▇▆▆▅▅▄▄▃▃▃▂▂▂▂▂▂▁▁
2500000  12.5000    19.9058   ▂▂▂▂▂▂▃▃▃▄▄▄▅▅▆▆▆▇▇▇████████▇▇▇▆▆▆▅▅▄▄▄▃▃▃▂▂▂▂▂▂
3000000  15.0000    23.9025   ▂▂▂▃▃▃▃▄▄▄▅▅▅▆▆▆▇▇▇██████████▇▇▇▆▆▆▅▅▅▄▄▄▃▃▃▃▂▂▂
3500000  17.5000    27.9061   ▃▃▃▃▃▃▄▄▄▅▅▅▆▆▆▇▇▇▇██████████▇▇▇▇▆▆▆▅▅▅▄▄▄▃▃▃▃▃▃
4000000  20.0000    31.8901   ▃▃▃▄▄▄▄▄▅▅▅▆▆▆▆▇▇▇▇██████████▇▇▇▇▆▆▆▆▅▅▅▄▄▄▄▄▃▃▃
4500000  22.5000    35.8817   ▄▄▄▄▄▄▅▅▅▅▆▆▆▆▇▇▇▇████████████▇▇▇▇▆▆▆▆▅▅▅▅▄▄▄▄▄▄
5000000  25.0000    39.8843   ▄▄▄▅▅▅▅▅▅▆▆▆▆▇▇▇▇▇████████████▇▇▇▇▇▆▆▆▆▅▅▅▅▅▅▄▄▄
5500000  27.5000    43.8616   ▅▅▅▅▅▅▅▆▆▆▆▆▇▇▇▇▇██████████████▇▇▇▇▇▆▆▆▆▆▅▅▅▅▅▅▅
6000000  30.0000    47.8558   ▅▅▅▅▅▆▆▆▆▆▆▇▇▇▇▇▇██████████████▇▇▇▇▇▇▆▆▆▆▆▆▅▅▅▅▅
6500000  32.5000    51.8464   ▆▆▆▆▆▆▆▆▆▆▇▇▇▇▇▇████████████████▇▇▇▇▇▇▆▆▆▆▆▆▆▆▆▆
7000000  35.0000    55.8361   ▆▆▆▆▆▆▆▆▇▇▇▇▇▇▇▇████████████████▇▇▇▇▇▇▇▇▆▆▆▆▆▆▆▆
7500000  37.5000    59.8291   ▆▆▆▆▆▆▇▇▇▇▇▇▇▇▇██████████████████▇▇▇▇▇▇▇▇▇▆▆▆▆▆▆
8000000  40.0000    63.8156   ▆▆▆▇▇▇▇▇▇▇▇▇▇▇████████████████████▇▇▇▇▇▇▇▇▇▇▇▆▆▆
8500000  42.5000    67.8302   ▇▇▇▇▇▇▇▇▇▇▇▇▇▇████████████████████▇▇▇▇▇▇▇▇▇▇▇▇▇▇
9000000  45.0000    71.8484   ▇▇▇▇▇▇▇▇▇▇▇▇▇██████████████████████▇▇▇▇▇▇▇▇▇▇▇▇▇
9500000  47.5000    75.8532   ▇▇▇▇▇▇▇▇▇▇▇▇████████████████████████▇▇▇▇▇▇▇▇▇▇▇▇
10000000  50.0000    79.8499   ▇▇▇▇▇▇▇▇▇▇████████████████████████████▇▇▇▇▇▇▇▇▇▇
10500000  52.5000    83.8248   ▇▇▇▇▇▇▇▇▇██████████████████████████████▇▇▇▇▇▇▇▇▇
11000000  55.0000    87.8025   ▇▇▇▇▇▇████████████████████████████████████▇▇▇▇▇▇
11500000  57.5000    91.7979   ▇▇▇██████████████████████████████████████████▇▇▇
12000000  60.0000    95.7881   ████████████████████████████████████████████████
12500000  62.5000    99.7604   ████████████████████████████████████████████████
13000000  65.0000   103.7587   ████████████████████████████████████████████████
13500000  67.5000   107.7583   ████████████████████████████████████████████████
14000000  70.0000   111.7738   ████████████████████████████████████████████████
14500000  72.5000   115.7741   ████████████████████████████████████████████████
15000000  75.0000   119.7667   ████████████████████████████████████████████████
15500000  77.5000   123.7675   ████████████████████████████████████████████████
16000000  80.0000   127.8016   ████████████████████████████████████████████████
16500000  82.5000   131.8089   ████████████████████████████████████████████████
17000000  85.0000   135.7676   ████████████████████████████████████████████████
17500000  87.5000   139.7420   ████████████████████████████████████████████████
18000000  90.0000   143.7180   ████████████████████████████████████████████████
18500000  92.5000   147.7168   ████████████████████████████████████████████████
19000000  95.0000   151.7193   ████████████████████████████████████████████████
19500000  97.5000   155.6966   ████████████████████████████████████████████████
20000000 100.0000   159.6601   ████████████████████████████████████████████████
   Step   Time    Walltime(s) Profile
      0   0.0000     0.0020   ▁▁▁▁▁▁▁▁▁▁▁▁▁▁▁▁▁▁▁▁▁▁▁▁█▁▁▁▁▁▁▁▁▁▁▁▁▁▁▁▁▁▁▁▁▁▁▁
 500000   2.5000     4.1903   ▁▁▁▁▁▁▁▁▁▁▁▁▁▂▂▂▃▄▅▆▇▇████▇▇▆▅▄▃▂▂▂▁▁▁▁▁▁▁▁▁▁▁▁▁
1000000   5.0000     8.1785   ▁▁▁▁▁▁▁▁▁▂▂▂▃▃▄▄▅▅▆▇▇██████▇▇▆▅▅▄▄▃▃▂▂▂▁▁▁▁▁▁▁▁▁
1500000   7.5000    12.1106   ▁▁▁▁▁▁▂▂▂▂▃▃▄▄▅▅▆▆▇▇▇██████▇▇▇▆▆▅▅▄▄▃▃▂▂▂▂▁▁▁▁▁▁
2000000  10.0000    16.0562   ▁▁▂▂▂▂▂▂▃▃▃▄▄▅▅▆▆▇▇▇████████▇▇▇▆▆▅▅▄▄▃▃▃▂▂▂▂▂▂▁▁
2500000  12.5000    19.9619   ▂▂▂▂▂▂▃▃▃▄▄▄▅▅▆▆▆▇▇▇████████▇▇▇▆▆▆▅▅▄▄▄▃▃▃▂▂▂▂▂▂
3000000  15.0000    23.8794   ▂▂▂▃▃▃▃▄▄▄▅▅▅▆▆▆▇▇▇██████████▇▇▇▆▆▆▅▅▅▄▄▄▃▃▃▃▂▂▂
3500000  17.5000    27.8678   ▃▃▃▃▃▃▄▄▄▅▅▅▆▆▆▇▇▇▇██████████▇▇▇▇▆▆▆▅▅▅▄▄▄▃▃▃▃▃▃
4000000  20.0000    31.9225   ▃▃▃▄▄▄▄▄▅▅▅▆▆▆▆▇▇▇▇██████████▇▇▇▇▆▆▆▆▅▅▅▄▄▄▄▄▃▃▃
4500000  22.5000    35.9677   ▄▄▄▄▄▄▅▅▅▅▆▆▆▆▇▇▇▇████████████▇▇▇▇▆▆▆▆▅▅▅▅▄▄▄▄▄▄
5000000  25.0000    40.0142   ▄▄▄▅▅▅▅▅▅▆▆▆▆▇▇▇▇▇████████████▇▇▇▇▇▆▆▆▆▅▅▅▅▅▅▄▄▄
5500000  27.5000    44.0415   ▅▅▅▅▅▅▅▆▆▆▆▆▇▇▇▇▇██████████████▇▇▇▇▇▆▆▆▆▆▅▅▅▅▅▅▅
6000000  30.0000    47.9915   ▅▅▅▅▅▆▆▆▆▆▆▇▇▇▇▇▇██████████████▇▇▇▇▇▇▆▆▆▆▆▆▅▅▅▅▅
6500000  32.5000    51.9508   ▆▆▆▆▆▆▆▆▆▆▇▇▇▇▇▇████████████████▇▇▇▇▇▇▆▆▆▆▆▆▆▆▆▆
7000000  35.0000    55.9275   ▆▆▆▆▆▆▆▆▇▇▇▇▇▇▇▇████████████████▇▇▇▇▇▇▇▇▆▆▆▆▆▆▆▆
7500000  37.5000    59.8868   ▆▆▆▆▆▆▇▇▇▇▇▇▇▇▇██████████████████▇▇▇▇▇▇▇▇▇▆▆▆▆▆▆
8000000  40.0000    63.8706   ▆▆▆▇▇▇▇▇▇▇▇▇▇▇████████████████████▇▇▇▇▇▇▇▇▇▇▇▆▆▆
8500000  42.5000    67.8465   ▇▇▇▇▇▇▇▇▇▇▇▇▇▇████████████████████▇▇▇▇▇▇▇▇▇▇▇▇▇▇
9000000  45.0000    71.8278   ▇▇▇▇▇▇▇▇▇▇▇▇▇██████████████████████▇▇▇▇▇▇▇▇▇▇▇▇▇
9500000  47.5000    75.8105   ▇▇▇▇▇▇▇▇▇▇▇▇████████████████████████▇▇▇▇▇▇▇▇▇▇▇▇
10000000  50.0000    79.7851   ▇▇▇▇▇▇▇▇▇▇████████████████████████████▇▇▇▇▇▇▇▇▇▇
10500000  52.5000    83.7417   ▇▇▇▇▇▇▇▇▇██████████████████████████████▇▇▇▇▇▇▇▇▇
11000000  55.0000    87.7175   ▇▇▇▇▇▇████████████████████████████████████▇▇▇▇▇▇
11500000  57.5000    91.6729   ▇▇▇██████████████████████████████████████████▇▇▇
12000000  60.0000    95.6357   ████████████████████████████████████████████████
12500000  62.5000    99.6133   ████████████████████████████████████████████████
13000000  65.0000   103.5982   ████████████████████████████████████████████████
13500000  67.5000   107.5835   ████████████████████████████████████████████████
14000000  70.0000   111.5714   ████████████████████████████████████████████████
14500000  72.5000   115.5479   ████████████████████████████████████████████████
15000000  75.0000   119.5462   ████████████████████████████████████████████████
15500000  77.5000   123.5386   ████████████████████████████████████████████████
16000000  80.0000   127.5335   ████████████████████████████████████████████████
16500000  82.5000   131.4906   ████████████████████████████████████████████████
17000000  85.0000   135.4815   ████████████████████████████████████████████████
17500000  87.5000   139.4429   ████████████████████████████████████████████████
18000000  90.0000   143.4373   ████████████████████████████████████████████████
18500000  92.5000   147.3803   ████████████████████████████████████████████████
19000000  95.0000   151.3642   ████████████████████████████████████████████████
19500000  97.5000   155.3251   ████████████████████████████████████████████████
20000000 100.0000   159.2955   ████████████████████████████████████████████████
   Step   Time    Walltime(s) Profile
      0   0.0000     0.0020   ▁▁▁▁▁▁▁▁▁▁▁▁▁▁▁▁▁▁▁▁▁▁▁▁█▁▁▁▁▁▁▁▁▁▁▁▁▁▁▁▁▁▁▁▁▁▁▁
 500000   2.5000     4.6134   ▁▁▁▁▁▁▁▁▁▁▁▁▁▂▂▂▃▄▅▆▇▇████▇▇▆▅▄▃▂▂▂▁▁▁▁▁▁▁▁▁▁▁▁▁
1000000   5.0000     9.1973   ▁▁▁▁▁▁▁▁▁▂▂▂▃▃▄▄▅▅▆▇▇██████▇▇▆▅▅▄▄▃▃▂▂▂▁▁▁▁▁▁▁▁▁
1500000   7.5000    13.6497   ▁▁▁▁▁▁▂▂▂▂▃▃▄▄▅▅▆▆▇▇▇██████▇▇▇▆▆▅▅▄▄▃▃▂▂▂▂▁▁▁▁▁▁
2000000  10.0000    17.9795   ▁▁▂▂▂▂▂▂▃▃▃▄▄▅▅▆▆▇▇▇████████▇▇▇▆▆▅▅▄▄▃▃▃▂▂▂▂▂▂▁▁
2500000  12.5000    22.1751   ▂▂▂▂▂▂▃▃▃▄▄▄▅▅▆▆▆▇▇▇████████▇▇▇▆▆▆▅▅▄▄▄▃▃▃▂▂▂▂▂▂
3000000  15.0000    26.3500   ▂▂▂▃▃▃▃▄▄▄▅▅▅▆▆▆▇▇▇██████████▇▇▇▆▆▆▅▅▅▄▄▄▃▃▃▃▂▂▂
3500000  17.5000    30.6053   ▃▃▃▃▃▃▄▄▄▅▅▅▆▆▆▇▇▇▇██████████▇▇▇▇▆▆▆▅▅▅▄▄▄▃▃▃▃▃▃
4000000  20.0000    34.8774   ▃▃▃▄▄▄▄▄▅▅▅▆▆▆▆▇▇▇▇██████████▇▇▇▇▆▆▆▆▅▅▅▄▄▄▄▄▃▃▃
4500000  22.5000    39.1657   ▄▄▄▄▄▄▅▅▅▅▆▆▆▆▇▇▇▇████████████▇▇▇▇▆▆▆▆▅▅▅▅▄▄▄▄▄▄
5000000  25.0000    43.4092   ▄▄▄▅▅▅▅▅▅▆▆▆▆▇▇▇▇▇████████████▇▇▇▇▇▆▆▆▆▅▅▅▅▅▅▄▄▄
5500000  27.5000    47.6488   ▅▅▅▅▅▅▅▆▆▆▆▆▇▇▇▇▇██████████████▇▇▇▇▇▆▆▆▆▆▅▅▅▅▅▅▅
6000000  30.0000    51.8848   ▅▅▅▅▅▆▆▆▆▆▆▇▇▇▇▇▇██████████████▇▇▇▇▇▇▆▆▆▆▆▆▅▅▅▅▅
6500000  32.5000    56.1408   ▆▆▆▆▆▆▆▆▆▆▇▇▇▇▇▇████████████████▇▇▇▇▇▇▆▆▆▆▆▆▆▆▆▆
7000000  35.0000    60.4205   ▆▆▆▆▆▆▆▆▇▇▇▇▇▇▇▇████████████████▇▇▇▇▇▇▇▇▆▆▆▆▆▆▆▆
7500000  37.5000    64.6446   ▆▆▆▆▆▆▇▇▇▇▇▇▇▇▇██████████████████▇▇▇▇▇▇▇▇▇▆▆▆▆▆▆
8000000  40.0000    68.9329   ▆▆▆▇▇▇▇▇▇▇▇▇▇▇████████████████████▇▇▇▇▇▇▇▇▇▇▇▆▆▆
8500000  42.5000    73.2035   ▇▇▇▇▇▇▇▇▇▇▇▇▇▇████████████████████▇▇▇▇▇▇▇▇▇▇▇▇▇▇
9000000  45.0000    77.4459   ▇▇▇▇▇▇▇▇▇▇▇▇▇██████████████████████▇▇▇▇▇▇▇▇▇▇▇▇▇
9500000  47.5000    81.6909   ▇▇▇▇▇▇▇▇▇▇▇▇████████████████████████▇▇▇▇▇▇▇▇▇▇▇▇
10000000  50.0000    85.9686   ▇▇▇▇▇▇▇▇▇▇████████████████████████████▇▇▇▇▇▇▇▇▇▇
10500000  52.5000    90.1809   ▇▇▇▇▇▇▇▇▇██████████████████████████████▇▇▇▇▇▇▇▇▇
11000000  55.0000    94.4152   ▇▇▇▇▇▇████████████████████████████████████▇▇▇▇▇▇
11500000  57.5000    98.6463   ▇▇▇██████████████████████████████████████████▇▇▇
12000000  60.0000   102.8759   ████████████████████████████████████████████████
12500000  62.5000   107.0844   ████████████████████████████████████████████████
13000000  65.0000   111.3488   ████████████████████████████████████████████████
13500000  67.5000   115.5575   ████████████████████████████████████████████████
14000000  70.0000   119.7884   ████████████████████████████████████████████████
14500000  72.5000   124.0052   ████████████████████████████████████████████████
15000000  75.0000   128.2502   ████████████████████████████████████████████████
15500000  77.5000   132.4985   ████████████████████████████████████████████████
16000000  80.0000   136.7324   ████████████████████████████████████████████████
16500000  82.5000   140.9954   ████████████████████████████████████████████████
17000000  85.0000   145.2572   ████████████████████████████████████████████████
17500000  87.5000   149.4919   ████████████████████████████████████████████████
18000000  90.0000   153.7266   ████████████████████████████████████████████████
18500000  92.5000   157.9436   ████████████████████████████████████████████████
19000000  95.0000   162.1692   ████████████████████████████████████████████████
19500000  97.5000   166.4118   ████████████████████████████████████████████████
20000000 100.0000   170.6586   ████████████████████████████████████████████████
   Step   Time    Walltime(s) Profile
      0   0.0000     0.0020   ▁▁▁▁▁▁▁▁▁▁▁▁▁▁▁▁▁▁▁▁▁▁▁▁█▁▁▁▁▁▁▁▁▁▁▁▁▁▁▁▁▁▁▁▁▁▁▁
 500000   2.5000     4.3987   ▁▁▁▁▁▁▁▁▁▁▁▁▁▂▂▂▃▄▅▆▇▇████▇▇▆▅▄▃▂▂▂▁▁▁▁▁▁▁▁▁▁▁▁▁
1000000   5.0000     8.8383   ▁▁▁▁▁▁▁▁▁▂▂▂▃▃▄▄▅▅▆▇▇██████▇▇▆▅▅▄▄▃▃▂▂▂▁▁▁▁▁▁▁▁▁
1500000   7.5000    13.2777   ▁▁▁▁▁▁▂▂▂▂▃▃▄▄▅▅▆▆▇▇▇██████▇▇▇▆▆▅▅▄▄▃▃▂▂▂▂▁▁▁▁▁▁
2000000  10.0000    17.7611   ▁▁▂▂▂▂▂▂▃▃▃▄▄▅▅▆▆▇▇▇████████▇▇▇▆▆▅▅▄▄▃▃▃▂▂▂▂▂▂▁▁
2500000  12.5000    22.2484   ▂▂▂▂▂▂▃▃▃▄▄▄▅▅▆▆▆▇▇▇████████▇▇▇▆▆▆▅▅▄▄▄▃▃▃▂▂▂▂▂▂
3000000  15.0000    26.7607   ▂▂▂▃▃▃▃▄▄▄▅▅▅▆▆▆▇▇▇██████████▇▇▇▆▆▆▅▅▅▄▄▄▃▃▃▃▂▂▂
3500000  17.5000    31.2207   ▃▃▃▃▃▃▄▄▄▅▅▅▆▆▆▇▇▇▇██████████▇▇▇▇▆▆▆▅▅▅▄▄▄▃▃▃▃▃▃
4000000  20.0000    35.7225   ▃▃▃▄▄▄▄▄▅▅▅▆▆▆▆▇▇▇▇██████████▇▇▇▇▆▆▆▆▅▅▅▄▄▄▄▄▃▃▃
4500000  22.5000    40.2031   ▄▄▄▄▄▄▅▅▅▅▆▆▆▆▇▇▇▇████████████▇▇▇▇▆▆▆▆▅▅▅▅▄▄▄▄▄▄
5000000  25.0000    44.6886   ▄▄▄▅▅▅▅▅▅▆▆▆▆▇▇▇▇▇████████████▇▇▇▇▇▆▆▆▆▅▅▅▅▅▅▄▄▄
5500000  27.5000    49.1964   ▅▅▅▅▅▅▅▆▆▆▆▆▇▇▇▇▇██████████████▇▇▇▇▇▆▆▆▆▆▅▅▅▅▅▅▅
6000000  30.0000    53.6796   ▅▅▅▅▅▆▆▆▆▆▆▇▇▇▇▇▇██████████████▇▇▇▇▇▇▆▆▆▆▆▆▅▅▅▅▅
6500000  32.5000    58.1537   ▆▆▆▆▆▆▆▆▆▆▇▇▇▇▇▇████████████████▇▇▇▇▇▇▆▆▆▆▆▆▆▆▆▆
7000000  35.0000    62.5740   ▆▆▆▆▆▆▆▆▇▇▇▇▇▇▇▇████████████████▇▇▇▇▇▇▇▇▆▆▆▆▆▆▆▆
7500000  37.5000    67.0556   ▆▆▆▆▆▆▇▇▇▇▇▇▇▇▇██████████████████▇▇▇▇▇▇▇▇▇▆▆▆▆▆▆
8000000  40.0000    71.4965   ▆▆▆▇▇▇▇▇▇▇▇▇▇▇████████████████████▇▇▇▇▇▇▇▇▇▇▇▆▆▆
8500000  42.5000    75.9608   ▇▇▇▇▇▇▇▇▇▇▇▇▇▇████████████████████▇▇▇▇▇▇▇▇▇▇▇▇▇▇
9000000  45.0000    80.4599   ▇▇▇▇▇▇▇▇▇▇▇▇▇██████████████████████▇▇▇▇▇▇▇▇▇▇▇▇▇
9500000  47.5000    84.9531   ▇▇▇▇▇▇▇▇▇▇▇▇████████████████████████▇▇▇▇▇▇▇▇▇▇▇▇
10000000  50.0000    89.4604   ▇▇▇▇▇▇▇▇▇▇████████████████████████████▇▇▇▇▇▇▇▇▇▇
10500000  52.5000    93.9846   ▇▇▇▇▇▇▇▇▇██████████████████████████████▇▇▇▇▇▇▇▇▇
11000000  55.0000    98.4826   ▇▇▇▇▇▇████████████████████████████████████▇▇▇▇▇▇
11500000  57.5000   102.9665   ▇▇▇██████████████████████████████████████████▇▇▇
12000000  60.0000   107.4255   ████████████████████████████████████████████████
12500000  62.5000   111.8934   ████████████████████████████████████████████████
13000000  65.0000   116.4034   ████████████████████████████████████████████████
13500000  67.5000   120.9034   ████████████████████████████████████████████████
14000000  70.0000   125.4004   ████████████████████████████████████████████████
14500000  72.5000   129.8614   ████████████████████████████████████████████████
15000000  75.0000   134.3530   ████████████████████████████████████████████████
15500000  77.5000   138.8347   ████████████████████████████████████████████████
16000000  80.0000   143.3136   ████████████████████████████████████████████████
16500000  82.5000   147.7993   ████████████████████████████████████████████████
17000000  85.0000   152.2685   ████████████████████████████████████████████████
17500000  87.5000   156.7774   ████████████████████████████████████████████████
18000000  90.0000   161.2469   ████████████████████████████████████████████████
18500000  92.5000   165.7080   ████████████████████████████████████████████████
19000000  95.0000   170.1629   ████████████████████████████████████████████████
19500000  97.5000   174.6553   ████████████████████████████████████████████████
20000000 100.0000   179.1803   ████████████████████████████████████████████████
   Step   Time    Walltime(s) Profile
      0   0.0000     0.0019   ▁▁▁▁▁▁▁▁▁▁▁▁▁▁▁▁▁▁▁▁▁▁▁▁█▁▁▁▁▁▁▁▁▁▁▁▁▁▁▁▁▁▁▁▁▁▁▁
 500000   2.5000     4.7546   ▁▁▁▁▁▁▁▁▁▁▁▁▁▂▂▂▃▄▅▆▇▇████▇▇▆▅▄▃▂▂▂▁▁▁▁▁▁▁▁▁▁▁▁▁
1000000   5.0000     9.4017   ▁▁▁▁▁▁▁▁▁▂▂▂▃▃▄▄▅▅▆▇▇██████▇▇▆▅▅▄▄▃▃▂▂▂▁▁▁▁▁▁▁▁▁
1500000   7.5000    14.1796   ▁▁▁▁▁▁▂▂▂▂▃▃▄▄▅▅▆▆▇▇▇██████▇▇▇▆▆▅▅▄▄▃▃▂▂▂▂▁▁▁▁▁▁
2000000  10.0000    18.9341   ▁▁▂▂▂▂▂▂▃▃▃▄▄▅▅▆▆▇▇▇████████▇▇▇▆▆▅▅▄▄▃▃▃▂▂▂▂▂▂▁▁
2500000  12.5000    23.5153   ▂▂▂▂▂▂▃▃▃▄▄▄▅▅▆▆▆▇▇▇████████▇▇▇▆▆▆▅▅▄▄▄▃▃▃▂▂▂▂▂▂
3000000  15.0000    28.1158   ▂▂▂▃▃▃▃▄▄▄▅▅▅▆▆▆▇▇▇██████████▇▇▇▆▆▆▅▅▅▄▄▄▃▃▃▃▂▂▂
3500000  17.5000    32.7069   ▃▃▃▃▃▃▄▄▄▅▅▅▆▆▆▇▇▇▇██████████▇▇▇▇▆▆▆▅▅▅▄▄▄▃▃▃▃▃▃
4000000  20.0000    37.3405   ▃▃▃▄▄▄▄▄▅▅▅▆▆▆▆▇▇▇▇██████████▇▇▇▇▆▆▆▆▅▅▅▄▄▄▄▄▃▃▃
4500000  22.5000    41.9558   ▄▄▄▄▄▄▅▅▅▅▆▆▆▆▇▇▇▇████████████▇▇▇▇▆▆▆▆▅▅▅▅▄▄▄▄▄▄
5000000  25.0000    46.5320   ▄▄▄▅▅▅▅▅▅▆▆▆▆▇▇▇▇▇████████████▇▇▇▇▇▆▆▆▆▅▅▅▅▅▅▄▄▄
5500000  27.5000    51.1631   ▅▅▅▅▅▅▅▆▆▆▆▆▇▇▇▇▇██████████████▇▇▇▇▇▆▆▆▆▆▅▅▅▅▅▅▅
6000000  30.0000    55.7426   ▅▅▅▅▅▆▆▆▆▆▆▇▇▇▇▇▇██████████████▇▇▇▇▇▇▆▆▆▆▆▆▅▅▅▅▅
6500000  32.5000    60.3415   ▆▆▆▆▆▆▆▆▆▆▇▇▇▇▇▇████████████████▇▇▇▇▇▇▆▆▆▆▆▆▆▆▆▆
7000000  35.0000    64.9557   ▆▆▆▆▆▆▆▆▇▇▇▇▇▇▇▇████████████████▇▇▇▇▇▇▇▇▆▆▆▆▆▆▆▆
7500000  37.5000    69.5682   ▆▆▆▆▆▆▇▇▇▇▇▇▇▇▇██████████████████▇▇▇▇▇▇▇▇▇▆▆▆▆▆▆
8000000  40.0000    74.1733   ▆▆▆▇▇▇▇▇▇▇▇▇▇▇████████████████████▇▇▇▇▇▇▇▇▇▇▇▆▆▆
8500000  42.5000    78.7598   ▇▇▇▇▇▇▇▇▇▇▇▇▇▇████████████████████▇▇▇▇▇▇▇▇▇▇▇▇▇▇
9000000  45.0000    83.3661   ▇▇▇▇▇▇▇▇▇▇▇▇▇██████████████████████▇▇▇▇▇▇▇▇▇▇▇▇▇
9500000  47.5000    87.9191   ▇▇▇▇▇▇▇▇▇▇▇▇████████████████████████▇▇▇▇▇▇▇▇▇▇▇▇
10000000  50.0000    92.5565   ▇▇▇▇▇▇▇▇▇▇████████████████████████████▇▇▇▇▇▇▇▇▇▇
10500000  52.5000    97.1883   ▇▇▇▇▇▇▇▇▇██████████████████████████████▇▇▇▇▇▇▇▇▇
11000000  55.0000   101.7738   ▇▇▇▇▇▇████████████████████████████████████▇▇▇▇▇▇
11500000  57.5000   106.4166   ▇▇▇██████████████████████████████████████████▇▇▇
12000000  60.0000   111.0811   ████████████████████████████████████████████████
12500000  62.5000   115.7056   ████████████████████████████████████████████████
13000000  65.0000   120.3099   ████████████████████████████████████████████████
13500000  67.5000   124.9212   ████████████████████████████████████████████████
14000000  70.0000   129.5665   ████████████████████████████████████████████████
14500000  72.5000   134.1894   ████████████████████████████████████████████████
15000000  75.0000   138.8076   ████████████████████████████████████████████████
15500000  77.5000   143.4440   ████████████████████████████████████████████████
16000000  80.0000   148.0512   ████████████████████████████████████████████████
16500000  82.5000   152.6347   ████████████████████████████████████████████████
17000000  85.0000   157.2296   ████████████████████████████████████████████████
17500000  87.5000   161.8226   ████████████████████████████████████████████████
18000000  90.0000   166.4517   ████████████████████████████████████████████████
18500000  92.5000   171.0785   ████████████████████████████████████████████████
19000000  95.0000   175.7158   ████████████████████████████████████████████████
19500000  97.5000   180.3310   ████████████████████████████████████████████████
20000000 100.0000   184.8845   ████████████████████████████████████████████████
   Step   Time    Walltime(s) Profile
      0   0.0000     0.0020   ▁▁▁▁▁▁▁▁▁▁▁▁▁▁▁▁▁▁▁▁▁▁▁▁█▁▁▁▁▁▁▁▁▁▁▁▁▁▁▁▁▁▁▁▁▁▁▁
 500000   2.5000     5.3243   ▁▁▁▁▁▁▁▁▁▁▁▁▁▂▂▂▃▄▅▆▇▇████▇▇▆▅▄▃▂▂▂▁▁▁▁▁▁▁▁▁▁▁▁▁
1000000   5.0000    10.5319   ▁▁▁▁▁▁▁▁▁▂▂▂▃▃▄▄▅▅▆▇▇██████▇▇▆▅▅▄▄▃▃▂▂▂▁▁▁▁▁▁▁▁▁
1500000   7.5000    15.8502   ▁▁▁▁▁▁▂▂▂▂▃▃▄▄▅▅▆▆▇▇▇██████▇▇▇▆▆▅▅▄▄▃▃▂▂▂▂▁▁▁▁▁▁
2000000  10.0000    21.1911   ▁▁▂▂▂▂▂▂▃▃▃▄▄▅▅▆▆▇▇▇████████▇▇▇▆▆▅▅▄▄▃▃▃▂▂▂▂▂▂▁▁
2500000  12.5000    26.5499   ▂▂▂▂▂▂▃▃▃▄▄▄▅▅▆▆▆▇▇▇████████▇▇▇▆▆▆▅▅▄▄▄▃▃▃▂▂▂▂▂▂
3000000  15.0000    31.8767   ▂▂▂▃▃▃▃▄▄▄▅▅▅▆▆▆▇▇▇██████████▇▇▇▆▆▆▅▅▅▄▄▄▃▃▃▃▂▂▂
3500000  17.5000    37.2567   ▃▃▃▃▃▃▄▄▄▅▅▅▆▆▆▇▇▇▇██████████▇▇▇▇▆▆▆▅▅▅▄▄▄▃▃▃▃▃▃
4000000  20.0000    42.6439   ▃▃▃▄▄▄▄▄▅▅▅▆▆▆▆▇▇▇▇██████████▇▇▇▇▆▆▆▆▅▅▅▄▄▄▄▄▃▃▃
4500000  22.5000    47.8993   ▄▄▄▄▄▄▅▅▅▅▆▆▆▆▇▇▇▇████████████▇▇▇▇▆▆▆▆▅▅▅▅▄▄▄▄▄▄
5000000  25.0000    53.1675   ▄▄▄▅▅▅▅▅▅▆▆▆▆▇▇▇▇▇████████████▇▇▇▇▇▆▆▆▆▅▅▅▅▅▅▄▄▄
5500000  27.5000    58.4216   ▅▅▅▅▅▅▅▆▆▆▆▆▇▇▇▇▇██████████████▇▇▇▇▇▆▆▆▆▆▅▅▅▅▅▅▅
6000000  30.0000    63.7240   ▅▅▅▅▅▆▆▆▆▆▆▇▇▇▇▇▇██████████████▇▇▇▇▇▇▆▆▆▆▆▆▅▅▅▅▅
6500000  32.5000    68.9290   ▆▆▆▆▆▆▆▆▆▆▇▇▇▇▇▇████████████████▇▇▇▇▇▇▆▆▆▆▆▆▆▆▆▆
7000000  35.0000    74.1141   ▆▆▆▆▆▆▆▆▇▇▇▇▇▇▇▇████████████████▇▇▇▇▇▇▇▇▆▆▆▆▆▆▆▆
7500000  37.5000    79.3000   ▆▆▆▆▆▆▇▇▇▇▇▇▇▇▇██████████████████▇▇▇▇▇▇▇▇▇▆▆▆▆▆▆
8000000  40.0000    84.4740   ▆▆▆▇▇▇▇▇▇▇▇▇▇▇████████████████████▇▇▇▇▇▇▇▇▇▇▇▆▆▆
8500000  42.5000    89.6636   ▇▇▇▇▇▇▇▇▇▇▇▇▇▇████████████████████▇▇▇▇▇▇▇▇▇▇▇▇▇▇
9000000  45.0000    94.9399   ▇▇▇▇▇▇▇▇▇▇▇▇▇██████████████████████▇▇▇▇▇▇▇▇▇▇▇▇▇
9500000  47.5000   100.1066   ▇▇▇▇▇▇▇▇▇▇▇▇████████████████████████▇▇▇▇▇▇▇▇▇▇▇▇
10000000  50.0000   105.3374   ▇▇▇▇▇▇▇▇▇▇████████████████████████████▇▇▇▇▇▇▇▇▇▇
10500000  52.5000   110.5540   ▇▇▇▇▇▇▇▇▇██████████████████████████████▇▇▇▇▇▇▇▇▇
11000000  55.0000   115.7827   ▇▇▇▇▇▇████████████████████████████████████▇▇▇▇▇▇
11500000  57.5000   120.9602   ▇▇▇██████████████████████████████████████████▇▇▇
12000000  60.0000   126.1449   ████████████████████████████████████████████████
12500000  62.5000   131.4491   ████████████████████████████████████████████████
13000000  65.0000   136.7897   ████████████████████████████████████████████████
13500000  67.5000   142.0872   ████████████████████████████████████████████████
14000000  70.0000   147.3810   ████████████████████████████████████████████████
14500000  72.5000   152.6911   ████████████████████████████████████████████████
15000000  75.0000   158.0349   ████████████████████████████████████████████████
15500000  77.5000   163.3938   ████████████████████████████████████████████████
16000000  80.0000   168.6542   ████████████████████████████████████████████████
16500000  82.5000   173.9068   ████████████████████████████████████████████████
17000000  85.0000   179.1336   ████████████████████████████████████████████████
17500000  87.5000   184.3663   ████████████████████████████████████████████████
18000000  90.0000   189.6039   ████████████████████████████████████████████████
18500000  92.5000   194.9447   ████████████████████████████████████████████████
19000000  95.0000   200.2069   ████████████████████████████████████████████████
19500000  97.5000   205.5087   ████████████████████████████████████████████████
20000000 100.0000   210.8092   ████████████████████████████████████████████████
   Step   Time    Walltime(s) Profile
      0   0.0000     0.0020   ▁▁▁▁▁▁▁▁▁▁▁▁▁▁▁▁▁▁▁▁▁▁▁▁█▁▁▁▁▁▁▁▁▁▁▁▁▁▁▁▁▁▁▁▁▁▁▁
 500000   2.5000     5.5330   ▁▁▁▁▁▁▁▁▁▁▁▁▁▂▂▂▃▄▅▆▇▇████▇▇▆▅▄▃▂▂▂▁▁▁▁▁▁▁▁▁▁▁▁▁
1000000   5.0000    10.7837   ▁▁▁▁▁▁▁▁▁▂▂▂▃▃▄▄▅▅▆▇▇██████▇▇▆▅▅▄▄▃▃▂▂▂▁▁▁▁▁▁▁▁▁
1500000   7.5000    16.0600   ▁▁▁▁▁▁▂▂▂▂▃▃▄▄▅▅▆▆▇▇▇██████▇▇▇▆▆▅▅▄▄▃▃▂▂▂▂▁▁▁▁▁▁
2000000  10.0000    21.5350   ▁▁▂▂▂▂▂▂▃▃▃▄▄▅▅▆▆▇▇▇████████▇▇▇▆▆▅▅▄▄▃▃▃▂▂▂▂▂▂▁▁
2500000  12.5000    26.8016   ▂▂▂▂▂▂▃▃▃▄▄▄▅▅▆▆▆▇▇▇████████▇▇▇▆▆▆▅▅▄▄▄▃▃▃▂▂▂▂▂▂
3000000  15.0000    32.1629   ▂▂▂▃▃▃▃▄▄▄▅▅▅▆▆▆▇▇▇██████████▇▇▇▆▆▆▅▅▅▄▄▄▃▃▃▃▂▂▂
3500000  17.5000    37.5026   ▃▃▃▃▃▃▄▄▄▅▅▅▆▆▆▇▇▇▇██████████▇▇▇▇▆▆▆▅▅▅▄▄▄▃▃▃▃▃▃
4000000  20.0000    43.0741   ▃▃▃▄▄▄▄▄▅▅▅▆▆▆▆▇▇▇▇██████████▇▇▇▇▆▆▆▆▅▅▅▄▄▄▄▄▃▃▃
4500000  22.5000    48.6956   ▄▄▄▄▄▄▅▅▅▅▆▆▆▆▇▇▇▇████████████▇▇▇▇▆▆▆▆▅▅▅▅▄▄▄▄▄▄
5000000  25.0000    54.2582   ▄▄▄▅▅▅▅▅▅▆▆▆▆▇▇▇▇▇████████████▇▇▇▇▇▆▆▆▆▅▅▅▅▅▅▄▄▄
5500000  27.5000    59.8805   ▅▅▅▅▅▅▅▆▆▆▆▆▇▇▇▇▇██████████████▇▇▇▇▇▆▆▆▆▆▅▅▅▅▅▅▅
6000000  30.0000    65.4713   ▅▅▅▅▅▆▆▆▆▆▆▇▇▇▇▇▇██████████████▇▇▇▇▇▇▆▆▆▆▆▆▅▅▅▅▅
6500000  32.5000    71.0249   ▆▆▆▆▆▆▆▆▆▆▇▇▇▇▇▇████████████████▇▇▇▇▇▇▆▆▆▆▆▆▆▆▆▆
7000000  35.0000    76.6041   ▆▆▆▆▆▆▆▆▇▇▇▇▇▇▇▇████████████████▇▇▇▇▇▇▇▇▆▆▆▆▆▆▆▆
7500000  37.5000    82.2048   ▆▆▆▆▆▆▇▇▇▇▇▇▇▇▇██████████████████▇▇▇▇▇▇▇▇▇▆▆▆▆▆▆
8000000  40.0000    87.7596   ▆▆▆▇▇▇▇▇▇▇▇▇▇▇████████████████████▇▇▇▇▇▇▇▇▇▇▇▆▆▆
8500000  42.5000    93.3261   ▇▇▇▇▇▇▇▇▇▇▇▇▇▇████████████████████▇▇▇▇▇▇▇▇▇▇▇▇▇▇
9000000  45.0000    98.9107   ▇▇▇▇▇▇▇▇▇▇▇▇▇██████████████████████▇▇▇▇▇▇▇▇▇▇▇▇▇
9500000  47.5000   104.4600   ▇▇▇▇▇▇▇▇▇▇▇▇████████████████████████▇▇▇▇▇▇▇▇▇▇▇▇
10000000  50.0000   110.0149   ▇▇▇▇▇▇▇▇▇▇████████████████████████████▇▇▇▇▇▇▇▇▇▇
10500000  52.5000   115.5667   ▇▇▇▇▇▇▇▇▇██████████████████████████████▇▇▇▇▇▇▇▇▇
11000000  55.0000   121.1625   ▇▇▇▇▇▇████████████████████████████████████▇▇▇▇▇▇
11500000  57.5000   126.6926   ▇▇▇██████████████████████████████████████████▇▇▇
12000000  60.0000   132.2448   ████████████████████████████████████████████████
12500000  62.5000   137.8156   ████████████████████████████████████████████████
13000000  65.0000   143.3543   ████████████████████████████████████████████████
13500000  67.5000   148.9139   ████████████████████████████████████████████████
14000000  70.0000   154.5065   ████████████████████████████████████████████████
14500000  72.5000   160.0824   ████████████████████████████████████████████████
15000000  75.0000   165.6274   ████████████████████████████████████████████████
15500000  77.5000   171.1502   ████████████████████████████████████████████████
16000000  80.0000   176.7105   ████████████████████████████████████████████████
16500000  82.5000   182.2543   ████████████████████████████████████████████████
17000000  85.0000   187.8071   ████████████████████████████████████████████████
17500000  87.5000   193.4111   ████████████████████████████████████████████████
18000000  90.0000   198.9708   ████████████████████████████████████████████████
18500000  92.5000   204.5308   ████████████████████████████████████████████████
19000000  95.0000   210.1247   ████████████████████████████████████████████████
19500000  97.5000   215.6756   ████████████████████████████████████████████████
20000000 100.0000   221.2218   ████████████████████████████████████████████████
   Step   Time    Walltime(s) Profile
      0   0.0000     0.0022   ▁▁▁▁▁▁▁▁▁▁▁▁▁▁▁▁▁▁▁▁▁▁▁▁█▁▁▁▁▁▁▁▁▁▁▁▁▁▁▁▁▁▁▁▁▁▁▁
 500000   2.5000     5.6697   ▁▁▁▁▁▁▁▁▁▁▁▁▁▂▂▂▃▄▅▆▇▇████▇▇▆▅▄▃▂▂▂▁▁▁▁▁▁▁▁▁▁▁▁▁
1000000   5.0000    11.3569   ▁▁▁▁▁▁▁▁▁▂▂▂▃▃▄▄▅▅▆▇▇██████▇▇▆▅▅▄▄▃▃▂▂▂▁▁▁▁▁▁▁▁▁
1500000   7.5000    16.9977   ▁▁▁▁▁▁▂▂▂▂▃▃▄▄▅▅▆▆▇▇▇██████▇▇▇▆▆▅▅▄▄▃▃▂▂▂▂▁▁▁▁▁▁
2000000  10.0000    22.7362   ▁▁▂▂▂▂▂▂▃▃▃▄▄▅▅▆▆▇▇▇████████▇▇▇▆▆▅▅▄▄▃▃▃▂▂▂▂▂▂▁▁
2500000  12.5000    28.5480   ▂▂▂▂▂▂▃▃▃▄▄▄▅▅▆▆▆▇▇▇████████▇▇▇▆▆▆▅▅▄▄▄▃▃▃▂▂▂▂▂▂
3000000  15.0000    34.2761   ▂▂▂▃▃▃▃▄▄▄▅▅▅▆▆▆▇▇▇██████████▇▇▇▆▆▆▅▅▅▄▄▄▃▃▃▃▂▂▂
3500000  17.5000    40.0144   ▃▃▃▃▃▃▄▄▄▅▅▅▆▆▆▇▇▇▇██████████▇▇▇▇▆▆▆▅▅▅▄▄▄▃▃▃▃▃▃
4000000  20.0000    45.9016   ▃▃▃▄▄▄▄▄▅▅▅▆▆▆▆▇▇▇▇██████████▇▇▇▇▆▆▆▆▅▅▅▄▄▄▄▄▃▃▃
4500000  22.5000    51.7893   ▄▄▄▄▄▄▅▅▅▅▆▆▆▆▇▇▇▇████████████▇▇▇▇▆▆▆▆▅▅▅▅▄▄▄▄▄▄
5000000  25.0000    57.4736   ▄▄▄▅▅▅▅▅▅▆▆▆▆▇▇▇▇▇████████████▇▇▇▇▇▆▆▆▆▅▅▅▅▅▅▄▄▄
5500000  27.5000    63.0497   ▅▅▅▅▅▅▅▆▆▆▆▆▇▇▇▇▇██████████████▇▇▇▇▇▆▆▆▆▆▅▅▅▅▅▅▅
6000000  30.0000    68.7047   ▅▅▅▅▅▆▆▆▆▆▆▇▇▇▇▇▇██████████████▇▇▇▇▇▇▆▆▆▆▆▆▅▅▅▅▅
6500000  32.5000    74.3733   ▆▆▆▆▆▆▆▆▆▆▇▇▇▇▇▇████████████████▇▇▇▇▇▇▆▆▆▆▆▆▆▆▆▆
7000000  35.0000    79.9794   ▆▆▆▆▆▆▆▆▇▇▇▇▇▇▇▇████████████████▇▇▇▇▇▇▇▇▆▆▆▆▆▆▆▆
7500000  37.5000    85.5961   ▆▆▆▆▆▆▇▇▇▇▇▇▇▇▇██████████████████▇▇▇▇▇▇▇▇▇▆▆▆▆▆▆
8000000  40.0000    91.3376   ▆▆▆▇▇▇▇▇▇▇▇▇▇▇████████████████████▇▇▇▇▇▇▇▇▇▇▇▆▆▆
8500000  42.5000    96.9301   ▇▇▇▇▇▇▇▇▇▇▇▇▇▇████████████████████▇▇▇▇▇▇▇▇▇▇▇▇▇▇
9000000  45.0000   102.5324   ▇▇▇▇▇▇▇▇▇▇▇▇▇██████████████████████▇▇▇▇▇▇▇▇▇▇▇▇▇
9500000  47.5000   108.1818   ▇▇▇▇▇▇▇▇▇▇▇▇████████████████████████▇▇▇▇▇▇▇▇▇▇▇▇
10000000  50.0000   113.8536   ▇▇▇▇▇▇▇▇▇▇████████████████████████████▇▇▇▇▇▇▇▇▇▇
10500000  52.5000   119.4420   ▇▇▇▇▇▇▇▇▇██████████████████████████████▇▇▇▇▇▇▇▇▇
11000000  55.0000   125.0781   ▇▇▇▇▇▇████████████████████████████████████▇▇▇▇▇▇
11500000  57.5000   130.6293   ▇▇▇██████████████████████████████████████████▇▇▇
12000000  60.0000   136.2096   ████████████████████████████████████████████████
12500000  62.5000   141.8105   ████████████████████████████████████████████████
13000000  65.0000   147.5448   ████████████████████████████████████████████████
13500000  67.5000   153.2296   ████████████████████████████████████████████████
14000000  70.0000   158.9583   ████████████████████████████████████████████████
14500000  72.5000   164.6580   ████████████████████████████████████████████████
15000000  75.0000   170.3678   ████████████████████████████████████████████████
15500000  77.5000   176.0532   ████████████████████████████████████████████████
16000000  80.0000   181.7633   ████████████████████████████████████████████████
16500000  82.5000   187.4654   ████████████████████████████████████████████████
17000000  85.0000   193.1923   ████████████████████████████████████████████████
17500000  87.5000   198.8933   ████████████████████████████████████████████████
18000000  90.0000   204.6797   ████████████████████████████████████████████████
18500000  92.5000   210.4866   ████████████████████████████████████████████████
19000000  95.0000   216.2764   ████████████████████████████████████████████████
19500000  97.5000   222.1058   ████████████████████████████████████████████████
20000000 100.0000   227.8425   ████████████████████████████████████████████████
   Step   Time    Walltime(s) Profile
      0   0.0000     0.0020   ▁▁▁▁▁▁▁▁▁▁▁▁▁▁▁▁▁▁▁▁▁▁▁▁█▁▁▁▁▁▁▁▁▁▁▁▁▁▁▁▁▁▁▁▁▁▁▁
 500000   2.5000     6.2671   ▁▁▁▁▁▁▁▁▁▁▁▁▁▂▂▂▃▄▅▆▇▇████▇▇▆▅▄▃▂▂▂▁▁▁▁▁▁▁▁▁▁▁▁▁
1000000   5.0000    12.5782   ▁▁▁▁▁▁▁▁▁▂▂▂▃▃▄▄▅▅▆▇▇██████▇▇▆▅▅▄▄▃▃▂▂▂▁▁▁▁▁▁▁▁▁
1500000   7.5000    18.8796   ▁▁▁▁▁▁▂▂▂▂▃▃▄▄▅▅▆▆▇▇▇██████▇▇▇▆▆▅▅▄▄▃▃▂▂▂▂▁▁▁▁▁▁
2000000  10.0000    25.2578   ▁▁▂▂▂▂▂▂▃▃▃▄▄▅▅▆▆▇▇▇████████▇▇▇▆▆▅▅▄▄▃▃▃▂▂▂▂▂▂▁▁
2500000  12.5000    31.6218   ▂▂▂▂▂▂▃▃▃▄▄▄▅▅▆▆▆▇▇▇████████▇▇▇▆▆▆▅▅▄▄▄▃▃▃▂▂▂▂▂▂
3000000  15.0000    38.0607   ▂▂▂▃▃▃▃▄▄▄▅▅▅▆▆▆▇▇▇██████████▇▇▇▆▆▆▅▅▅▄▄▄▃▃▃▃▂▂▂
3500000  17.5000    44.5243   ▃▃▃▃▃▃▄▄▄▅▅▅▆▆▆▇▇▇▇██████████▇▇▇▇▆▆▆▅▅▅▄▄▄▃▃▃▃▃▃
4000000  20.0000    50.8780   ▃▃▃▄▄▄▄▄▅▅▅▆▆▆▆▇▇▇▇██████████▇▇▇▇▆▆▆▆▅▅▅▄▄▄▄▄▃▃▃
4500000  22.5000    57.2960   ▄▄▄▄▄▄▅▅▅▅▆▆▆▆▇▇▇▇████████████▇▇▇▇▆▆▆▆▅▅▅▅▄▄▄▄▄▄
5000000  25.0000    63.6371   ▄▄▄▅▅▅▅▅▅▆▆▆▆▇▇▇▇▇████████████▇▇▇▇▇▆▆▆▆▅▅▅▅▅▅▄▄▄
5500000  27.5000    70.0076   ▅▅▅▅▅▅▅▆▆▆▆▆▇▇▇▇▇██████████████▇▇▇▇▇▆▆▆▆▆▅▅▅▅▅▅▅
6000000  30.0000    76.3702   ▅▅▅▅▅▆▆▆▆▆▆▇▇▇▇▇▇██████████████▇▇▇▇▇▇▆▆▆▆▆▆▅▅▅▅▅
6500000  32.5000    82.7094   ▆▆▆▆▆▆▆▆▆▆▇▇▇▇▇▇████████████████▇▇▇▇▇▇▆▆▆▆▆▆▆▆▆▆
7000000  35.0000    89.0183   ▆▆▆▆▆▆▆▆▇▇▇▇▇▇▇▇████████████████▇▇▇▇▇▇▇▇▆▆▆▆▆▆▆▆
7500000  37.5000    95.3546   ▆▆▆▆▆▆▇▇▇▇▇▇▇▇▇██████████████████▇▇▇▇▇▇▇▇▇▆▆▆▆▆▆
8000000  40.0000   101.6802   ▆▆▆▇▇▇▇▇▇▇▇▇▇▇████████████████████▇▇▇▇▇▇▇▇▇▇▇▆▆▆
8500000  42.5000   108.0619   ▇▇▇▇▇▇▇▇▇▇▇▇▇▇████████████████████▇▇▇▇▇▇▇▇▇▇▇▇▇▇
9000000  45.0000   114.4082   ▇▇▇▇▇▇▇▇▇▇▇▇▇██████████████████████▇▇▇▇▇▇▇▇▇▇▇▇▇
9500000  47.5000   120.7330   ▇▇▇▇▇▇▇▇▇▇▇▇████████████████████████▇▇▇▇▇▇▇▇▇▇▇▇
10000000  50.0000   127.0614   ▇▇▇▇▇▇▇▇▇▇████████████████████████████▇▇▇▇▇▇▇▇▇▇
10500000  52.5000   133.4309   ▇▇▇▇▇▇▇▇▇██████████████████████████████▇▇▇▇▇▇▇▇▇
11000000  55.0000   139.7548   ▇▇▇▇▇▇████████████████████████████████████▇▇▇▇▇▇
11500000  57.5000   146.1140   ▇▇▇██████████████████████████████████████████▇▇▇
12000000  60.0000   152.4273   ████████████████████████████████████████████████
12500000  62.5000   158.7656   ████████████████████████████████████████████████
13000000  65.0000   165.0720   ████████████████████████████████████████████████
13500000  67.5000   171.3821   ████████████████████████████████████████████████
14000000  70.0000   177.6694   ████████████████████████████████████████████████
14500000  72.5000   183.9632   ████████████████████████████████████████████████
15000000  75.0000   190.2630   ████████████████████████████████████████████████
15500000  77.5000   196.5723   ████████████████████████████████████████████████
16000000  80.0000   202.8342   ████████████████████████████████████████████████
16500000  82.5000   209.1542   ████████████████████████████████████████████████
17000000  85.0000   215.4737   ████████████████████████████████████████████████
17500000  87.5000   221.8129   ████████████████████████████████████████████████
18000000  90.0000   228.1404   ████████████████████████████████████████████████
18500000  92.5000   234.4051   ████████████████████████████████████████████████
19000000  95.0000   240.7393   ████████████████████████████████████████████████
19500000  97.5000   247.0415   ████████████████████████████████████████████████
20000000 100.0000   253.3601   ████████████████████████████████████████████████

scontrol show jobid 83319
JobId=83319 JobName=diffusion
   UserId=phy1610student010(1901410) GroupId=teachphy1610(1900004) MCS_label=N/A
   Priority=556424 Nice=0 Account=teach QOS=normal
   JobState=COMPLETING Reason=None Dependency=(null)
   Requeue=0 Restarts=0 BatchFlag=1 Reboot=0 ExitCode=0:0
   RunTime=00:44:12 TimeLimit=01:00:00 TimeMin=N/A
   SubmitTime=2020-03-28T19:01:17 EligibleTime=2020-03-28T19:01:17
   AccrueTime=2020-03-28T19:01:17
   StartTime=2020-03-28T19:01:17 EndTime=2020-03-28T19:45:29 Deadline=N/A
   SuspendTime=None SecsPreSuspend=0 LastSchedEval=2020-03-28T19:01:17
   Partition=compute AllocNode:Sid=teach01:19791
   ReqNodeList=(null) ExcNodeList=(null)
   NodeList=teach04
   BatchHost=teach04
   NumNodes=1 NumCPUs=16 NumTasks=1 CPUs/Task=16 ReqB:S:C:T=0:0:*:*
   TRES=cpu=16,node=1,billing=16
   Socks/Node=* NtasksPerN:B:S:C=0:0:*:1 CoreSpec=*
   MinCPUsNode=16 MinMemoryNode=0 MinTmpDiskNode=0
   Features=(null) DelayBoot=00:00:00
   OverSubscribe=OK Contiguous=0 Licenses=(null) Network=(null)
   Command=/gpfs/fs0/scratch/t/teachphy1610/phy1610student010/diffusion1d/submit_diffusion.sh
   WorkDir=/gpfs/fs0/scratch/t/teachphy1610/phy1610student010/diffusion1d
   StdErr=/gpfs/fs0/scratch/t/teachphy1610/phy1610student010/diffusion1d/slurm-83319.out
   StdIn=/dev/null
   StdOut=/gpfs/fs0/scratch/t/teachphy1610/phy1610student010/diffusion1d/slurm-83319.out
   Power=

sacct -j 83319
       JobID    JobName    Account    Elapsed  MaxVMSize     MaxRSS  SystemCPU    UserCPU ExitCode 
------------ ---------- ---------- ---------- ---------- ---------- ---------- ---------- -------- 
83319         diffusion      teach   00:44:12                        07:06.943   06:56:53      0:0 
83319.batch       batch      teach   00:44:12    277184K      4868K  07:06.943   06:56:53      0:0 
83319.extern     extern      teach   00:44:12    206752K       876K   00:00:00   00:00:00      0:0 
